<?xml version="1.0" encoding="UTF-8"?>
<testng-results skipped="0" failed="0" ignored="0" total="1" passed="1">
  <reporter-output>
  </reporter-output>
  <suite name="Regression" duration-ms="12523" started-at="2018-08-18T16:45:12Z" finished-at="2018-08-18T16:45:25Z">
    <groups>
    </groups>
    <test name="Regression" duration-ms="12523" started-at="2018-08-18T16:45:12Z" finished-at="2018-08-18T16:45:25Z">
      <class name="org.automation.testcases.LoginTest">
        <test-method status="PASS" signature="TestIntialization()[pri:0, instance:org.automation.testcases.LoginTest@380fb434]" name="TestIntialization" is-config="true" duration-ms="3706" started-at="2018-08-18T22:15:12Z" finished-at="2018-08-18T22:15:16Z">
          <reporter-output>
          </reporter-output>
        </test-method> <!-- TestIntialization -->
        <test-method status="PASS" signature="LoginWithCredentials()[pri:0, instance:org.automation.testcases.LoginTest@380fb434]" name="LoginWithCredentials" duration-ms="8805" started-at="2018-08-18T22:15:16Z" finished-at="2018-08-18T22:15:25Z">
          <reporter-output>
          </reporter-output>
        </test-method> <!-- LoginWithCredentials -->
        <test-method status="PASS" signature="Flush()[pri:0, instance:org.automation.testcases.LoginTest@380fb434]" name="Flush" is-config="true" duration-ms="0" started-at="2018-08-18T22:15:25Z" finished-at="2018-08-18T22:15:25Z">
          <reporter-output>
          </reporter-output>
        </test-method> <!-- Flush -->
      </class> <!-- org.automation.testcases.LoginTest -->
    </test> <!-- Regression -->
  </suite> <!-- Regression -->
</testng-results>
