<?xml version="1.0" encoding="UTF-8"?>
<testng-results skipped="0" failed="0" ignored="0" total="1" passed="1">
  <reporter-output>
  </reporter-output>
  <suite name="Regression" duration-ms="12935" started-at="2018-08-18T17:26:08Z" finished-at="2018-08-18T17:26:21Z">
    <groups>
    </groups>
    <test name="Regression" duration-ms="12935" started-at="2018-08-18T17:26:08Z" finished-at="2018-08-18T17:26:21Z">
      <class name="org.automation.testcases.LoginTest">
        <test-method status="PASS" signature="TestIntialization()[pri:0, instance:org.automation.testcases.LoginTest@1753acfe]" name="TestIntialization" is-config="true" duration-ms="4903" started-at="2018-08-18T22:56:08Z" finished-at="2018-08-18T22:56:13Z">
          <reporter-output>
          </reporter-output>
        </test-method> <!-- TestIntialization -->
        <test-method status="PASS" signature="LoginWithCredentials()[pri:0, instance:org.automation.testcases.LoginTest@1753acfe]" name="LoginWithCredentials" duration-ms="8000" started-at="2018-08-18T22:56:13Z" finished-at="2018-08-18T22:56:21Z">
          <reporter-output>
          </reporter-output>
        </test-method> <!-- LoginWithCredentials -->
        <test-method status="PASS" signature="Flush()[pri:0, instance:org.automation.testcases.LoginTest@1753acfe]" name="Flush" is-config="true" duration-ms="1" started-at="2018-08-18T22:56:21Z" finished-at="2018-08-18T22:56:21Z">
          <reporter-output>
          </reporter-output>
        </test-method> <!-- Flush -->
      </class> <!-- org.automation.testcases.LoginTest -->
    </test> <!-- Regression -->
  </suite> <!-- Regression -->
</testng-results>
